Using pre-set license
Built from '2021.1/staging' branch; Version is '2021.1.7f1 (d91830b65d9b) revision 14227504'; Using compiler version '192528614'; Build Type 'Release'
OS: 'Windows 10 Home; OS build 19042.1237; Version 2009; 64bit' Language: 'en' Physical Memory: 32710 MB
BatchMode: 1, IsHumanControllingUs: 0, StartBugReporterOnCrash: 0, Is64bit: 1, IsPro: 0

 COMMAND LINE ARGUMENTS:
C:\Program Files\Unity\Hub\Editor\2021.1.7f1\Editor\Unity.exe
-adb2
-batchMode
-noUpm
-name
AssetImportWorker0
-projectPath
C:/Users/arthi/Documents/UnityProjects/PortfolioPlatformer
-logFile
Logs/AssetImportWorker0.log
-srvPort
1057
Successfully changed project path to: C:/Users/arthi/Documents/UnityProjects/PortfolioPlatformer
C:/Users/arthi/Documents/UnityProjects/PortfolioPlatformer
Using Asset Import Pipeline V2.
Refreshing native plugins compatible for Editor in 135.44 ms, found 2 plugins.
Preloading 0 native plugins for Editor in 0.00 ms.
Initialize engine version: 2021.1.7f1 (d91830b65d9b)
[Subsystems] Discovering subsystems at path C:/Program Files/Unity/Hub/Editor/2021.1.7f1/Editor/Data/Resources/UnitySubsystems
[Subsystems] Discovering subsystems at path C:/Users/arthi/Documents/UnityProjects/PortfolioPlatformer/Assets
GfxDevice: creating device client; threaded=0; jobified=0
Direct3D:
    Version:  Direct3D 11.0 [level 11.1]
    Renderer: NVIDIA GeForce GTX 1660 SUPER (ID=0x21c4)
    Vendor:   NVIDIA
    VRAM:     5991 MB
    Driver:   30.0.14.7212
Shader 'Universal Render Pipeline/Particles/Lit': fallback shader 'Universal Render Pipeline/Particles/SimpleLit' not found
Initialize mono
Mono path[0] = 'C:/Program Files/Unity/Hub/Editor/2021.1.7f1/Editor/Data/Managed'
Mono path[1] = 'C:/Program Files/Unity/Hub/Editor/2021.1.7f1/Editor/Data/MonoBleedingEdge/lib/mono/unityjit'
Mono config path = 'C:/Program Files/Unity/Hub/Editor/2021.1.7f1/Editor/Data/MonoBleedingEdge/etc'
Using monoOptions --debugger-agent=transport=dt_socket,embedding=1,server=y,suspend=n,address=127.0.0.1:56072
Begin MonoManager ReloadAssembly
Registering precompiled unity dll's ...
Register platform support module: C:/Program Files/Unity/Hub/Editor/2021.1.7f1/Editor/Data/PlaybackEngines/WebGLSupport/UnityEditor.WebGL.Extensions.dll
Register platform support module: C:/Program Files/Unity/Hub/Editor/2021.1.7f1/Editor/Data/PlaybackEngines/WindowsStandaloneSupport/UnityEditor.WindowsStandalone.Extensions.dll
Registered in 0.001903 seconds.
Native extension for WindowsStandalone target not found
Native extension for WebGL target not found
Refreshing native plugins compatible for Editor in 106.53 ms, found 2 plugins.
Preloading 0 native plugins for Editor in 0.00 ms.
Mono: successfully reloaded assembly
- Completed reload, in  1.909 seconds
Platform modules already initialized, skipping
Registering precompiled user dll's ...
Registered in 0.002741 seconds.
Begin MonoManager ReloadAssembly
Symbol file LoadedFromMemory doesn't match image C:\Users\arthi\Documents\UnityProjects\PortfolioPlatformer\Library\PackageCache\com.unity.visualscripting@1.6.1\Editor\VisualScripting.Core\Dependencies\YamlDotNet\Unity.VisualScripting.YamlDotNet.dll
Symbol file LoadedFromMemory doesn't match image C:\Users\arthi\Documents\UnityProjects\PortfolioPlatformer\Library\PackageCache\com.unity.visualscripting@1.6.1\Editor\VisualScripting.Core\Dependencies\DotNetZip\Unity.VisualScripting.IonicZip.dll
Native extension for WindowsStandalone target not found
Native extension for WebGL target not found
Refreshing native plugins compatible for Editor in 112.60 ms, found 2 plugins.
Preloading 0 native plugins for Editor in 0.00 ms.
Mono: successfully reloaded assembly
- Completed reload, in  1.129 seconds
Platform modules already initialized, skipping
========================================================================
Worker process is ready to serve import requests
Shader 'Universal Render Pipeline/Particles/Lit': fallback shader 'Universal Render Pipeline/Particles/SimpleLit' not found
Launched and connected shader compiler UnityShaderCompiler.exe after 0.03 seconds
Refreshing native plugins compatible for Editor in 1.93 ms, found 2 plugins.
Preloading 0 native plugins for Editor in 0.00 ms.
Unloading 4503 Unused Serialized files (Serialized files now loaded: 0)
System memory in use before: 174.8 MB.
System memory in use after: 174.9 MB.

Unloading 28 unused Assets to reduce memory usage. Loaded Objects now: 4964.
Total: 3.056400 ms (FindLiveObjects: 0.348500 ms CreateObjectMapping: 0.285500 ms MarkObjects: 2.297900 ms  DeleteObjects: 0.123200 ms)

========================================================================
Received Import Request.
  path: Assets/VideoObjects/Prefabs/Video.prefab
  artifactKey: Guid(f49b6b653a0fec943ba9340273f1a1e4) Importer(815301076,1909f56bfc062723c751e8b465ee728b)
Start importing Assets/VideoObjects/Prefabs/Video.prefab using Guid(f49b6b653a0fec943ba9340273f1a1e4) Importer(815301076,1909f56bfc062723c751e8b465ee728b)  -> (artifact id: '2cc32c4c0643ac09b7f2f439d2ace5ce') in 0.300998 seconds 
========================================================================
Received Import Request.
  Time since last request: 120.015989 seconds.
  path: Assets/Prefabs/PlayerRoot.prefab
  artifactKey: Guid(3c261e371a8e05f44978cdacc502fe80) Importer(815301076,1909f56bfc062723c751e8b465ee728b)
Start importing Assets/Prefabs/PlayerRoot.prefab using Guid(3c261e371a8e05f44978cdacc502fe80) Importer(815301076,1909f56bfc062723c751e8b465ee728b)  -> (artifact id: '1f26c0cd8d68fbd6f7be3cf720cecbc0') in 0.083737 seconds 
========================================================================
Received Prepare
Shader 'Universal Render Pipeline/Particles/Lit': fallback shader 'Universal Render Pipeline/Particles/SimpleLit' not found
Refreshing native plugins compatible for Editor in 2.72 ms, found 2 plugins.
Preloading 0 native plugins for Editor in 0.00 ms.
Unloading 14 Unused Serialized files (Serialized files now loaded: 0)
System memory in use before: 88.7 MB.
System memory in use after: 88.8 MB.

Unloading 14 unused Assets to reduce memory usage. Loaded Objects now: 5012.
Total: 2.979700 ms (FindLiveObjects: 0.301600 ms CreateObjectMapping: 0.213700 ms MarkObjects: 2.375600 ms  DeleteObjects: 0.088100 ms)

========================================================================
Received Prepare
Registering precompiled user dll's ...
Registered in 0.002483 seconds.
Begin MonoManager ReloadAssembly
Symbol file LoadedFromMemory doesn't match image C:\Users\arthi\Documents\UnityProjects\PortfolioPlatformer\Library\PackageCache\com.unity.visualscripting@1.6.1\Editor\VisualScripting.Core\Dependencies\YamlDotNet\Unity.VisualScripting.YamlDotNet.dll
Symbol file LoadedFromMemory doesn't match image C:\Users\arthi\Documents\UnityProjects\PortfolioPlatformer\Library\PackageCache\com.unity.visualscripting@1.6.1\Editor\VisualScripting.Core\Dependencies\DotNetZip\Unity.VisualScripting.IonicZip.dll
Native extension for WindowsStandalone target not found
Native extension for WebGL target not found
Refreshing native plugins compatible for Editor in 0.69 ms, found 2 plugins.
Preloading 0 native plugins for Editor in 0.00 ms.
Mono: successfully reloaded assembly
- Completed reload, in  0.971 seconds
Platform modules already initialized, skipping
Shader 'Universal Render Pipeline/Particles/Lit': fallback shader 'Universal Render Pipeline/Particles/SimpleLit' not found
Refreshing native plugins compatible for Editor in 0.69 ms, found 2 plugins.
Preloading 0 native plugins for Editor in 0.00 ms.
Unloading 4425 Unused Serialized files (Serialized files now loaded: 0)
System memory in use before: 174.3 MB.
System memory in use after: 174.4 MB.

Unloading 16 unused Assets to reduce memory usage. Loaded Objects now: 5016.
Total: 2.557500 ms (FindLiveObjects: 0.293300 ms CreateObjectMapping: 0.255900 ms MarkObjects: 1.890200 ms  DeleteObjects: 0.117400 ms)

========================================================================
Received Prepare
Shader 'Universal Render Pipeline/Particles/Lit': fallback shader 'Universal Render Pipeline/Particles/SimpleLit' not found
Refreshing native plugins compatible for Editor in 2.53 ms, found 2 plugins.
Preloading 0 native plugins for Editor in 0.00 ms.
Unloading 14 Unused Serialized files (Serialized files now loaded: 0)
System memory in use before: 87.0 MB.
System memory in use after: 87.2 MB.

Unloading 14 unused Assets to reduce memory usage. Loaded Objects now: 5016.
Total: 2.546800 ms (FindLiveObjects: 0.318100 ms CreateObjectMapping: 0.198400 ms MarkObjects: 1.904600 ms  DeleteObjects: 0.125000 ms)

========================================================================
Received Prepare
Shader 'Universal Render Pipeline/Particles/Lit': fallback shader 'Universal Render Pipeline/Particles/SimpleLit' not found
Refreshing native plugins compatible for Editor in 3.63 ms, found 2 plugins.
Preloading 0 native plugins for Editor in 0.00 ms.
Unloading 14 Unused Serialized files (Serialized files now loaded: 0)
System memory in use before: 87.0 MB.
System memory in use after: 87.2 MB.

Unloading 14 unused Assets to reduce memory usage. Loaded Objects now: 5016.
Total: 3.567700 ms (FindLiveObjects: 0.309000 ms CreateObjectMapping: 0.255400 ms MarkObjects: 2.905800 ms  DeleteObjects: 0.096500 ms)

========================================================================
Received Prepare
Shader 'Universal Render Pipeline/Particles/Lit': fallback shader 'Universal Render Pipeline/Particles/SimpleLit' not found
Refreshing native plugins compatible for Editor in 2.38 ms, found 2 plugins.
Preloading 0 native plugins for Editor in 0.00 ms.
Unloading 14 Unused Serialized files (Serialized files now loaded: 0)
System memory in use before: 87.0 MB.
System memory in use after: 87.2 MB.

Unloading 14 unused Assets to reduce memory usage. Loaded Objects now: 5016.
Total: 2.756800 ms (FindLiveObjects: 0.269900 ms CreateObjectMapping: 0.181100 ms MarkObjects: 2.228300 ms  DeleteObjects: 0.076700 ms)

========================================================================
Received Prepare
Shader 'Universal Render Pipeline/Particles/Lit': fallback shader 'Universal Render Pipeline/Particles/SimpleLit' not found
Refreshing native plugins compatible for Editor in 2.50 ms, found 2 plugins.
Preloading 0 native plugins for Editor in 0.00 ms.
Unloading 14 Unused Serialized files (Serialized files now loaded: 0)
System memory in use before: 87.0 MB.
System memory in use after: 87.2 MB.

Unloading 14 unused Assets to reduce memory usage. Loaded Objects now: 5016.
Total: 3.060100 ms (FindLiveObjects: 0.289700 ms CreateObjectMapping: 0.181500 ms MarkObjects: 2.503400 ms  DeleteObjects: 0.084600 ms)

========================================================================
Received Prepare
Shader 'Universal Render Pipeline/Particles/Lit': fallback shader 'Universal Render Pipeline/Particles/SimpleLit' not found
Refreshing native plugins compatible for Editor in 2.50 ms, found 2 plugins.
Preloading 0 native plugins for Editor in 0.00 ms.
Unloading 14 Unused Serialized files (Serialized files now loaded: 0)
System memory in use before: 87.0 MB.
System memory in use after: 87.2 MB.

Unloading 14 unused Assets to reduce memory usage. Loaded Objects now: 5016.
Total: 3.040400 ms (FindLiveObjects: 0.306300 ms CreateObjectMapping: 0.196800 ms MarkObjects: 2.423000 ms  DeleteObjects: 0.113300 ms)

========================================================================
Received Prepare
Shader 'Universal Render Pipeline/Particles/Lit': fallback shader 'Universal Render Pipeline/Particles/SimpleLit' not found
Refreshing native plugins compatible for Editor in 2.67 ms, found 2 plugins.
Preloading 0 native plugins for Editor in 0.00 ms.
Unloading 14 Unused Serialized files (Serialized files now loaded: 0)
System memory in use before: 87.0 MB.
System memory in use after: 87.2 MB.

Unloading 14 unused Assets to reduce memory usage. Loaded Objects now: 5016.
Total: 2.697100 ms (FindLiveObjects: 0.363700 ms CreateObjectMapping: 0.229300 ms MarkObjects: 1.966900 ms  DeleteObjects: 0.120800 ms)

========================================================================
Received Prepare
Shader 'Universal Render Pipeline/Particles/Lit': fallback shader 'Universal Render Pipeline/Particles/SimpleLit' not found
Refreshing native plugins compatible for Editor in 3.31 ms, found 2 plugins.
Preloading 0 native plugins for Editor in 0.00 ms.
Unloading 14 Unused Serialized files (Serialized files now loaded: 0)
System memory in use before: 87.0 MB.
System memory in use after: 87.2 MB.

Unloading 14 unused Assets to reduce memory usage. Loaded Objects now: 5016.
Total: 3.098800 ms (FindLiveObjects: 0.276600 ms CreateObjectMapping: 0.199600 ms MarkObjects: 2.536000 ms  DeleteObjects: 0.086100 ms)

========================================================================
Received Import Request.
  Time since last request: 2096.505731 seconds.
  path: Assets/Prefabs/PlayerRoot.prefab
  artifactKey: Guid(3c261e371a8e05f44978cdacc502fe80) Importer(815301076,1909f56bfc062723c751e8b465ee728b)
Start importing Assets/Prefabs/PlayerRoot.prefab using Guid(3c261e371a8e05f44978cdacc502fe80) Importer(815301076,1909f56bfc062723c751e8b465ee728b)  -> (artifact id: 'b0270fbec4f220440f6752b7f9dc298f') in 0.317028 seconds 
========================================================================
Received Import Request.
  Time since last request: 19.506204 seconds.
  path: Assets/Prefabs/PlayerRoot.prefab
  artifactKey: Guid(3c261e371a8e05f44978cdacc502fe80) Importer(815301076,1909f56bfc062723c751e8b465ee728b)
Start importing Assets/Prefabs/PlayerRoot.prefab using Guid(3c261e371a8e05f44978cdacc502fe80) Importer(815301076,1909f56bfc062723c751e8b465ee728b)  -> (artifact id: 'cf729a3be384b20a75f7f8bda687b050') in 0.049929 seconds 
========================================================================
Received Prepare
Shader 'Universal Render Pipeline/Particles/Lit': fallback shader 'Universal Render Pipeline/Particles/SimpleLit' not found
Refreshing native plugins compatible for Editor in 2.48 ms, found 2 plugins.
Preloading 0 native plugins for Editor in 0.00 ms.
Unloading 14 Unused Serialized files (Serialized files now loaded: 0)
System memory in use before: 90.4 MB.
System memory in use after: 90.5 MB.

Unloading 14 unused Assets to reduce memory usage. Loaded Objects now: 5054.
Total: 3.676700 ms (FindLiveObjects: 0.286000 ms CreateObjectMapping: 0.200400 ms MarkObjects: 2.973400 ms  DeleteObjects: 0.215700 ms)

========================================================================
Received Import Request.
  Time since last request: 37.229556 seconds.
  path: Assets/VideoObjects/Prefabs/Video.prefab
  artifactKey: Guid(f49b6b653a0fec943ba9340273f1a1e4) Importer(815301076,1909f56bfc062723c751e8b465ee728b)
Start importing Assets/VideoObjects/Prefabs/Video.prefab using Guid(f49b6b653a0fec943ba9340273f1a1e4) Importer(815301076,1909f56bfc062723c751e8b465ee728b)  -> (artifact id: 'dd8400bade32ba6ec8850894d7252bbb') in 0.040777 seconds 
========================================================================
Received Import Request.
  Time since last request: 4.197256 seconds.
  path: Assets/VideoObjects/Prefabs/Video.prefab
  artifactKey: Guid(f49b6b653a0fec943ba9340273f1a1e4) Importer(815301076,1909f56bfc062723c751e8b465ee728b)
Start importing Assets/VideoObjects/Prefabs/Video.prefab using Guid(f49b6b653a0fec943ba9340273f1a1e4) Importer(815301076,1909f56bfc062723c751e8b465ee728b)  -> (artifact id: '5fa67aec7de9ecf559a22e08b912a537') in 0.027089 seconds 
========================================================================
Received Import Request.
  Time since last request: 3.795110 seconds.
  path: Assets/VideoObjects/Prefabs/Video.prefab
  artifactKey: Guid(f49b6b653a0fec943ba9340273f1a1e4) Importer(815301076,1909f56bfc062723c751e8b465ee728b)
Start importing Assets/VideoObjects/Prefabs/Video.prefab using Guid(f49b6b653a0fec943ba9340273f1a1e4) Importer(815301076,1909f56bfc062723c751e8b465ee728b)  -> (artifact id: 'b4461e3b6c05ac888b72cdab5f89a3d6') in 0.028105 seconds 
========================================================================
Received Import Request.
  Time since last request: 6.201864 seconds.
  path: Assets/VideoObjects/Prefabs/Video.prefab
  artifactKey: Guid(f49b6b653a0fec943ba9340273f1a1e4) Importer(815301076,1909f56bfc062723c751e8b465ee728b)
Start importing Assets/VideoObjects/Prefabs/Video.prefab using Guid(f49b6b653a0fec943ba9340273f1a1e4) Importer(815301076,1909f56bfc062723c751e8b465ee728b)  -> (artifact id: '47c65613205e988bb658562a775e0321') in 0.026989 seconds 
========================================================================
Received Import Request.
  Time since last request: 5.411611 seconds.
  path: Assets/VideoObjects/Prefabs/Video.prefab
  artifactKey: Guid(f49b6b653a0fec943ba9340273f1a1e4) Importer(815301076,1909f56bfc062723c751e8b465ee728b)
Start importing Assets/VideoObjects/Prefabs/Video.prefab using Guid(f49b6b653a0fec943ba9340273f1a1e4) Importer(815301076,1909f56bfc062723c751e8b465ee728b)  -> (artifact id: '8a84f49507d2ce9b5c0ac474cabc6622') in 0.037192 seconds 
========================================================================
Received Import Request.
  Time since last request: 2.998395 seconds.
  path: Assets/VideoObjects/Prefabs/Video.prefab
  artifactKey: Guid(f49b6b653a0fec943ba9340273f1a1e4) Importer(815301076,1909f56bfc062723c751e8b465ee728b)
Start importing Assets/VideoObjects/Prefabs/Video.prefab using Guid(f49b6b653a0fec943ba9340273f1a1e4) Importer(815301076,1909f56bfc062723c751e8b465ee728b)  -> (artifact id: '622f4390e7450039aa8cc90509cbe9b4') in 0.022438 seconds 
========================================================================
Received Import Request.
  Time since last request: 2.996223 seconds.
  path: Assets/VideoObjects/Prefabs/Video.prefab
  artifactKey: Guid(f49b6b653a0fec943ba9340273f1a1e4) Importer(815301076,1909f56bfc062723c751e8b465ee728b)
Start importing Assets/VideoObjects/Prefabs/Video.prefab using Guid(f49b6b653a0fec943ba9340273f1a1e4) Importer(815301076,1909f56bfc062723c751e8b465ee728b)  -> (artifact id: 'a2108e9a5851f3a85c331584288a26b7') in 0.025591 seconds 
========================================================================
Received Prepare
Shader 'Universal Render Pipeline/Particles/Lit': fallback shader 'Universal Render Pipeline/Particles/SimpleLit' not found
Refreshing native plugins compatible for Editor in 2.70 ms, found 2 plugins.
Preloading 0 native plugins for Editor in 0.00 ms.
Unloading 14 Unused Serialized files (Serialized files now loaded: 0)
System memory in use before: 90.9 MB.
System memory in use after: 91.1 MB.

Unloading 14 unused Assets to reduce memory usage. Loaded Objects now: 5054.
Total: 3.813000 ms (FindLiveObjects: 0.442100 ms CreateObjectMapping: 0.379400 ms MarkObjects: 2.894100 ms  DeleteObjects: 0.096300 ms)

========================================================================
Received Import Request.
  Time since last request: 142.486181 seconds.
  path: Assets/Prefabs/PlayerRoot.prefab
  artifactKey: Guid(3c261e371a8e05f44978cdacc502fe80) Importer(815301076,1909f56bfc062723c751e8b465ee728b)
Start importing Assets/Prefabs/PlayerRoot.prefab using Guid(3c261e371a8e05f44978cdacc502fe80) Importer(815301076,1909f56bfc062723c751e8b465ee728b)  -> (artifact id: 'ed8a5b22bf0377f5dcbba50db14a8825') in 0.049388 seconds 
========================================================================
Received Prepare
Shader 'Universal Render Pipeline/Particles/Lit': fallback shader 'Universal Render Pipeline/Particles/SimpleLit' not found
Refreshing native plugins compatible for Editor in 2.46 ms, found 2 plugins.
Preloading 0 native plugins for Editor in 0.00 ms.
Unloading 14 Unused Serialized files (Serialized files now loaded: 0)
System memory in use before: 91.9 MB.
System memory in use after: 92.1 MB.

Unloading 14 unused Assets to reduce memory usage. Loaded Objects now: 5054.
Total: 2.985800 ms (FindLiveObjects: 0.303700 ms CreateObjectMapping: 0.216000 ms MarkObjects: 2.382900 ms  DeleteObjects: 0.082600 ms)

========================================================================
Received Import Request.
  Time since last request: 221.442493 seconds.
  path: Assets/Prefabs/PlayerRoot.prefab
  artifactKey: Guid(3c261e371a8e05f44978cdacc502fe80) Importer(815301076,1909f56bfc062723c751e8b465ee728b)
Start importing Assets/Prefabs/PlayerRoot.prefab using Guid(3c261e371a8e05f44978cdacc502fe80) Importer(815301076,1909f56bfc062723c751e8b465ee728b)  -> (artifact id: 'd82e0243da48ede54a5446c53fd3b770') in 0.051419 seconds 
========================================================================
Received Import Request.
  Time since last request: 4.389216 seconds.
  path: Assets/Prefabs/PlayerRoot.prefab
  artifactKey: Guid(3c261e371a8e05f44978cdacc502fe80) Importer(815301076,1909f56bfc062723c751e8b465ee728b)
Start importing Assets/Prefabs/PlayerRoot.prefab using Guid(3c261e371a8e05f44978cdacc502fe80) Importer(815301076,1909f56bfc062723c751e8b465ee728b)  -> (artifact id: 'cf1d45135a808b6194003c4de3dc139a') in 0.094274 seconds 
========================================================================
Received Prepare
Shader 'Universal Render Pipeline/Particles/Lit': fallback shader 'Universal Render Pipeline/Particles/SimpleLit' not found
Refreshing native plugins compatible for Editor in 2.47 ms, found 2 plugins.
Preloading 0 native plugins for Editor in 0.00 ms.
Unloading 14 Unused Serialized files (Serialized files now loaded: 0)
System memory in use before: 93.9 MB.
System memory in use after: 94.0 MB.

Unloading 14 unused Assets to reduce memory usage. Loaded Objects now: 5054.
Total: 4.274500 ms (FindLiveObjects: 0.311600 ms CreateObjectMapping: 0.215900 ms MarkObjects: 3.646600 ms  DeleteObjects: 0.099500 ms)

AssetImportWorkerClient::OnTransportError - code=2 error=End of file
