Using pre-set license
Built from '2021.1/staging' branch; Version is '2021.1.7f1 (d91830b65d9b) revision 14227504'; Using compiler version '192528614'; Build Type 'Release'
OS: 'Windows 10 Home; OS build 19042.1237; Version 2009; 64bit' Language: 'en' Physical Memory: 32710 MB
BatchMode: 1, IsHumanControllingUs: 0, StartBugReporterOnCrash: 0, Is64bit: 1, IsPro: 0

 COMMAND LINE ARGUMENTS:
C:\Program Files\Unity\Hub\Editor\2021.1.7f1\Editor\Unity.exe
-adb2
-batchMode
-noUpm
-name
AssetImportWorker0
-projectPath
C:/Users/arthi/Documents/UnityProjects/PortfolioPlatformer
-logFile
Logs/AssetImportWorker0.log
-srvPort
1227
Successfully changed project path to: C:/Users/arthi/Documents/UnityProjects/PortfolioPlatformer
C:/Users/arthi/Documents/UnityProjects/PortfolioPlatformer
Using Asset Import Pipeline V2.
Refreshing native plugins compatible for Editor in 103.40 ms, found 2 plugins.
Preloading 0 native plugins for Editor in 0.00 ms.
Initialize engine version: 2021.1.7f1 (d91830b65d9b)
[Subsystems] Discovering subsystems at path C:/Program Files/Unity/Hub/Editor/2021.1.7f1/Editor/Data/Resources/UnitySubsystems
[Subsystems] Discovering subsystems at path C:/Users/arthi/Documents/UnityProjects/PortfolioPlatformer/Assets
GfxDevice: creating device client; threaded=0; jobified=0
Direct3D:
    Version:  Direct3D 11.0 [level 11.1]
    Renderer: NVIDIA GeForce GTX 1660 SUPER (ID=0x21c4)
    Vendor:   NVIDIA
    VRAM:     5991 MB
    Driver:   30.0.14.7212
Shader 'Universal Render Pipeline/Particles/Lit': fallback shader 'Universal Render Pipeline/Particles/SimpleLit' not found
Initialize mono
Mono path[0] = 'C:/Program Files/Unity/Hub/Editor/2021.1.7f1/Editor/Data/Managed'
Mono path[1] = 'C:/Program Files/Unity/Hub/Editor/2021.1.7f1/Editor/Data/MonoBleedingEdge/lib/mono/unityjit'
Mono config path = 'C:/Program Files/Unity/Hub/Editor/2021.1.7f1/Editor/Data/MonoBleedingEdge/etc'
Using monoOptions --debugger-agent=transport=dt_socket,embedding=1,server=y,suspend=n,address=127.0.0.1:56688
Begin MonoManager ReloadAssembly
Registering precompiled unity dll's ...
Register platform support module: C:/Program Files/Unity/Hub/Editor/2021.1.7f1/Editor/Data/PlaybackEngines/WebGLSupport/UnityEditor.WebGL.Extensions.dll
Register platform support module: C:/Program Files/Unity/Hub/Editor/2021.1.7f1/Editor/Data/PlaybackEngines/WindowsStandaloneSupport/UnityEditor.WindowsStandalone.Extensions.dll
Registered in 0.001978 seconds.
Native extension for WindowsStandalone target not found
Native extension for WebGL target not found
Refreshing native plugins compatible for Editor in 119.07 ms, found 2 plugins.
Preloading 0 native plugins for Editor in 0.00 ms.
Mono: successfully reloaded assembly
- Completed reload, in  1.735 seconds
Platform modules already initialized, skipping
Registering precompiled user dll's ...
Registered in 0.002525 seconds.
Begin MonoManager ReloadAssembly
Symbol file LoadedFromMemory doesn't match image C:\Users\arthi\Documents\UnityProjects\PortfolioPlatformer\Library\PackageCache\com.unity.visualscripting@1.6.1\Editor\VisualScripting.Core\Dependencies\YamlDotNet\Unity.VisualScripting.YamlDotNet.dll
Symbol file LoadedFromMemory doesn't match image C:\Users\arthi\Documents\UnityProjects\PortfolioPlatformer\Library\PackageCache\com.unity.visualscripting@1.6.1\Editor\VisualScripting.Core\Dependencies\DotNetZip\Unity.VisualScripting.IonicZip.dll
Native extension for WindowsStandalone target not found
Native extension for WebGL target not found
Refreshing native plugins compatible for Editor in 101.49 ms, found 2 plugins.
Preloading 0 native plugins for Editor in 0.00 ms.
Mono: successfully reloaded assembly
- Completed reload, in  1.101 seconds
Platform modules already initialized, skipping
========================================================================
Worker process is ready to serve import requests
Shader 'Universal Render Pipeline/Particles/Lit': fallback shader 'Universal Render Pipeline/Particles/SimpleLit' not found
Launched and connected shader compiler UnityShaderCompiler.exe after 0.03 seconds
Refreshing native plugins compatible for Editor in 0.73 ms, found 2 plugins.
Preloading 0 native plugins for Editor in 0.00 ms.
Unloading 4503 Unused Serialized files (Serialized files now loaded: 0)
System memory in use before: 174.8 MB.
System memory in use after: 174.9 MB.

Unloading 28 unused Assets to reduce memory usage. Loaded Objects now: 4964.
Total: 2.911400 ms (FindLiveObjects: 0.417200 ms CreateObjectMapping: 0.226800 ms MarkObjects: 2.135500 ms  DeleteObjects: 0.131100 ms)

========================================================================
Received Import Request.
  path: Assets/Prefabs/PlayerRoot.prefab
  artifactKey: Guid(3c261e371a8e05f44978cdacc502fe80) Importer(815301076,1909f56bfc062723c751e8b465ee728b)
Start importing Assets/Prefabs/PlayerRoot.prefab using Guid(3c261e371a8e05f44978cdacc502fe80) Importer(815301076,1909f56bfc062723c751e8b465ee728b)  -> (artifact id: 'c4d713fc5af151fe81305ccf3226b109') in 0.292343 seconds 
========================================================================
Received Import Request.
  Time since last request: 2.584251 seconds.
  path: Assets/Prefabs/PlayerRoot.prefab
  artifactKey: Guid(3c261e371a8e05f44978cdacc502fe80) Importer(815301076,1909f56bfc062723c751e8b465ee728b)
Start importing Assets/Prefabs/PlayerRoot.prefab using Guid(3c261e371a8e05f44978cdacc502fe80) Importer(815301076,1909f56bfc062723c751e8b465ee728b)  -> (artifact id: '9f33c5df60259e4dc223ebf11b8eccc5') in 0.030953 seconds 
========================================================================
Received Import Request.
  Time since last request: 8.210809 seconds.
  path: Assets/Prefabs/PlayerRoot.prefab
  artifactKey: Guid(3c261e371a8e05f44978cdacc502fe80) Importer(815301076,1909f56bfc062723c751e8b465ee728b)
Start importing Assets/Prefabs/PlayerRoot.prefab using Guid(3c261e371a8e05f44978cdacc502fe80) Importer(815301076,1909f56bfc062723c751e8b465ee728b)  -> (artifact id: '69d01f9844cbb74beef1299cbba33fc4') in 0.029704 seconds 
========================================================================
Received Import Request.
  Time since last request: 3.398522 seconds.
  path: Assets/Prefabs/PlayerRoot.prefab
  artifactKey: Guid(3c261e371a8e05f44978cdacc502fe80) Importer(815301076,1909f56bfc062723c751e8b465ee728b)
Start importing Assets/Prefabs/PlayerRoot.prefab using Guid(3c261e371a8e05f44978cdacc502fe80) Importer(815301076,1909f56bfc062723c751e8b465ee728b)  -> (artifact id: 'bc11ca11d41ac05f98f2c0df2c159a3c') in 0.032526 seconds 
========================================================================
Received Import Request.
  Time since last request: 9.029037 seconds.
  path: Assets/Prefabs/PlayerRoot.prefab
  artifactKey: Guid(3c261e371a8e05f44978cdacc502fe80) Importer(815301076,1909f56bfc062723c751e8b465ee728b)
Start importing Assets/Prefabs/PlayerRoot.prefab using Guid(3c261e371a8e05f44978cdacc502fe80) Importer(815301076,1909f56bfc062723c751e8b465ee728b)  -> (artifact id: '4e8001973f78ebcae5d001e7f7737d0e') in 0.032619 seconds 
========================================================================
Received Import Request.
  Time since last request: 3.582997 seconds.
  path: Assets/Prefabs/PlayerRoot.prefab
  artifactKey: Guid(3c261e371a8e05f44978cdacc502fe80) Importer(815301076,1909f56bfc062723c751e8b465ee728b)
Start importing Assets/Prefabs/PlayerRoot.prefab using Guid(3c261e371a8e05f44978cdacc502fe80) Importer(815301076,1909f56bfc062723c751e8b465ee728b)  -> (artifact id: '1e8c91a2c19e413730ce4bd2b5a9091b') in 0.032736 seconds 
========================================================================
Received Import Request.
  Time since last request: 84.886848 seconds.
  path: Assets/TextMesh Pro/Fonts
  artifactKey: Guid(6ab70aee4d56447429c680537fbf93ed) Importer(815301076,1909f56bfc062723c751e8b465ee728b)
Start importing Assets/TextMesh Pro/Fonts using Guid(6ab70aee4d56447429c680537fbf93ed) Importer(815301076,1909f56bfc062723c751e8b465ee728b)  -> (artifact id: 'c860dfdf0522eec1202f36843e52d436') in 0.010354 seconds 
========================================================================
Received Import Request.
  Time since last request: 0.045326 seconds.
  path: Assets/TextMesh Pro/Fonts/LiberationSans.ttf
  artifactKey: Guid(e3265ab4bf004d28a9537516768c1c75) Importer(815301076,1909f56bfc062723c751e8b465ee728b)
Start importing Assets/TextMesh Pro/Fonts/LiberationSans.ttf using Guid(e3265ab4bf004d28a9537516768c1c75) Importer(815301076,1909f56bfc062723c751e8b465ee728b)  -> (artifact id: 'e824466200cfa7371645afd036c0875c') in 0.040087 seconds 
========================================================================
Received Prepare
Registering precompiled user dll's ...
Registered in 0.002707 seconds.
Begin MonoManager ReloadAssembly
Symbol file LoadedFromMemory doesn't match image C:\Users\arthi\Documents\UnityProjects\PortfolioPlatformer\Library\PackageCache\com.unity.visualscripting@1.6.1\Editor\VisualScripting.Core\Dependencies\YamlDotNet\Unity.VisualScripting.YamlDotNet.dll
Symbol file LoadedFromMemory doesn't match image C:\Users\arthi\Documents\UnityProjects\PortfolioPlatformer\Library\PackageCache\com.unity.visualscripting@1.6.1\Editor\VisualScripting.Core\Dependencies\DotNetZip\Unity.VisualScripting.IonicZip.dll
Native extension for WindowsStandalone target not found
Native extension for WebGL target not found
Refreshing native plugins compatible for Editor in 0.70 ms, found 2 plugins.
Preloading 0 native plugins for Editor in 0.00 ms.
Mono: successfully reloaded assembly
- Completed reload, in  0.912 seconds
Platform modules already initialized, skipping
Shader 'Universal Render Pipeline/Particles/Lit': fallback shader 'Universal Render Pipeline/Particles/SimpleLit' not found
Refreshing native plugins compatible for Editor in 0.72 ms, found 2 plugins.
Preloading 0 native plugins for Editor in 0.00 ms.
Unloading 4426 Unused Serialized files (Serialized files now loaded: 0)
System memory in use before: 175.1 MB.
System memory in use after: 175.2 MB.

Unloading 16 unused Assets to reduce memory usage. Loaded Objects now: 5067.
Total: 3.042100 ms (FindLiveObjects: 0.399700 ms CreateObjectMapping: 0.207800 ms MarkObjects: 2.350200 ms  DeleteObjects: 0.083700 ms)

========================================================================
Received Import Request.
  Time since last request: 89.970835 seconds.
  path: Assets/TextMesh Pro/Fonts/FiraCode-Regular.ttf
  artifactKey: Guid(23c364f573db5274c96eca2e26916cc6) Importer(815301076,1909f56bfc062723c751e8b465ee728b)
Start importing Assets/TextMesh Pro/Fonts/FiraCode-Regular.ttf using Guid(23c364f573db5274c96eca2e26916cc6) Importer(815301076,1909f56bfc062723c751e8b465ee728b)  -> (artifact id: 'c6859fe82c612faacbbd21d7ed1d027c') in 0.153674 seconds 
========================================================================
Received Import Request.
  Time since last request: 34.589815 seconds.
  path: Assets/TextMesh Pro/Resources/Fonts & Materials/New Font.fontsettings
  artifactKey: Guid(56d20aba5fd408f47a59a8bbfddb8e27) Importer(815301076,1909f56bfc062723c751e8b465ee728b)
Start importing Assets/TextMesh Pro/Resources/Fonts & Materials/New Font.fontsettings using Guid(56d20aba5fd408f47a59a8bbfddb8e27) Importer(815301076,1909f56bfc062723c751e8b465ee728b)  -> (artifact id: '1cbd57bb27b4ac73d2a359f0e3c9462d') in 0.007665 seconds 
========================================================================
Received Import Request.
  Time since last request: 95.467817 seconds.
  path: Assets/TextMesh Pro/Resources/Fonts & Materials/FiraCode-Regular SDF.asset
  artifactKey: Guid(749348d44bc84714d92efd7df4e5cdba) Importer(815301076,1909f56bfc062723c751e8b465ee728b)
Start importing Assets/TextMesh Pro/Resources/Fonts & Materials/FiraCode-Regular SDF.asset using Guid(749348d44bc84714d92efd7df4e5cdba) Importer(815301076,1909f56bfc062723c751e8b465ee728b)  -> (artifact id: 'f0f344c139d33871ee28bcc962082556') in 0.050819 seconds 
========================================================================
Received Prepare
Registering precompiled user dll's ...
Registered in 0.002434 seconds.
Begin MonoManager ReloadAssembly
Symbol file LoadedFromMemory doesn't match image C:\Users\arthi\Documents\UnityProjects\PortfolioPlatformer\Library\PackageCache\com.unity.visualscripting@1.6.1\Editor\VisualScripting.Core\Dependencies\YamlDotNet\Unity.VisualScripting.YamlDotNet.dll
Symbol file LoadedFromMemory doesn't match image C:\Users\arthi\Documents\UnityProjects\PortfolioPlatformer\Library\PackageCache\com.unity.visualscripting@1.6.1\Editor\VisualScripting.Core\Dependencies\DotNetZip\Unity.VisualScripting.IonicZip.dll
Native extension for WindowsStandalone target not found
Native extension for WebGL target not found
Refreshing native plugins compatible for Editor in 0.85 ms, found 2 plugins.
Preloading 0 native plugins for Editor in 0.00 ms.
Mono: successfully reloaded assembly
- Completed reload, in  0.954 seconds
Platform modules already initialized, skipping
Shader 'Universal Render Pipeline/Particles/Lit': fallback shader 'Universal Render Pipeline/Particles/SimpleLit' not found
Refreshing native plugins compatible for Editor in 0.70 ms, found 2 plugins.
Preloading 0 native plugins for Editor in 0.00 ms.
Unloading 4427 Unused Serialized files (Serialized files now loaded: 0)
System memory in use before: 177.0 MB.
System memory in use after: 177.1 MB.

Unloading 16 unused Assets to reduce memory usage. Loaded Objects now: 5139.
Total: 2.507100 ms (FindLiveObjects: 0.336700 ms CreateObjectMapping: 0.217500 ms MarkObjects: 1.864300 ms  DeleteObjects: 0.087900 ms)

========================================================================
Received Prepare
Registering precompiled user dll's ...
Registered in 0.002377 seconds.
Begin MonoManager ReloadAssembly
Symbol file LoadedFromMemory doesn't match image C:\Users\arthi\Documents\UnityProjects\PortfolioPlatformer\Library\PackageCache\com.unity.visualscripting@1.6.1\Editor\VisualScripting.Core\Dependencies\YamlDotNet\Unity.VisualScripting.YamlDotNet.dll
Symbol file LoadedFromMemory doesn't match image C:\Users\arthi\Documents\UnityProjects\PortfolioPlatformer\Library\PackageCache\com.unity.visualscripting@1.6.1\Editor\VisualScripting.Core\Dependencies\DotNetZip\Unity.VisualScripting.IonicZip.dll
Native extension for WindowsStandalone target not found
Native extension for WebGL target not found
Refreshing native plugins compatible for Editor in 0.94 ms, found 2 plugins.
Preloading 0 native plugins for Editor in 0.00 ms.
Mono: successfully reloaded assembly
- Completed reload, in  0.942 seconds
Platform modules already initialized, skipping
Shader 'Universal Render Pipeline/Particles/Lit': fallback shader 'Universal Render Pipeline/Particles/SimpleLit' not found
Refreshing native plugins compatible for Editor in 0.69 ms, found 2 plugins.
Preloading 0 native plugins for Editor in 0.00 ms.
Unloading 4425 Unused Serialized files (Serialized files now loaded: 0)
System memory in use before: 177.0 MB.
System memory in use after: 177.1 MB.

Unloading 16 unused Assets to reduce memory usage. Loaded Objects now: 5143.
Total: 2.607600 ms (FindLiveObjects: 0.320300 ms CreateObjectMapping: 0.208700 ms MarkObjects: 1.992700 ms  DeleteObjects: 0.085100 ms)

========================================================================
Received Import Request.
  Time since last request: 148.762511 seconds.
  path: Assets/TextMesh Pro/Resources/Fonts & Materials/FiraCode-Regular SDF.asset
  artifactKey: Guid(749348d44bc84714d92efd7df4e5cdba) Importer(815301076,1909f56bfc062723c751e8b465ee728b)
Start importing Assets/TextMesh Pro/Resources/Fonts & Materials/FiraCode-Regular SDF.asset using Guid(749348d44bc84714d92efd7df4e5cdba) Importer(815301076,1909f56bfc062723c751e8b465ee728b)  -> (artifact id: 'd9e7de539a5faea56058b8eb3f8fee04') in 0.173294 seconds 
========================================================================
Received Prepare
Registering precompiled user dll's ...
Registered in 0.002711 seconds.
Begin MonoManager ReloadAssembly
Symbol file LoadedFromMemory doesn't match image C:\Users\arthi\Documents\UnityProjects\PortfolioPlatformer\Library\PackageCache\com.unity.visualscripting@1.6.1\Editor\VisualScripting.Core\Dependencies\YamlDotNet\Unity.VisualScripting.YamlDotNet.dll
Symbol file LoadedFromMemory doesn't match image C:\Users\arthi\Documents\UnityProjects\PortfolioPlatformer\Library\PackageCache\com.unity.visualscripting@1.6.1\Editor\VisualScripting.Core\Dependencies\DotNetZip\Unity.VisualScripting.IonicZip.dll
Native extension for WindowsStandalone target not found
Native extension for WebGL target not found
Refreshing native plugins compatible for Editor in 1.28 ms, found 2 plugins.
Preloading 0 native plugins for Editor in 0.00 ms.
Mono: successfully reloaded assembly
- Completed reload, in  0.997 seconds
Platform modules already initialized, skipping
Shader 'Universal Render Pipeline/Particles/Lit': fallback shader 'Universal Render Pipeline/Particles/SimpleLit' not found
Refreshing native plugins compatible for Editor in 0.70 ms, found 2 plugins.
Preloading 0 native plugins for Editor in 0.00 ms.
Unloading 4426 Unused Serialized files (Serialized files now loaded: 0)
System memory in use before: 178.6 MB.
System memory in use after: 178.7 MB.

Unloading 16 unused Assets to reduce memory usage. Loaded Objects now: 5200.
Total: 3.478500 ms (FindLiveObjects: 0.364600 ms CreateObjectMapping: 0.192600 ms MarkObjects: 2.783900 ms  DeleteObjects: 0.136200 ms)

========================================================================
Received Prepare
Registering precompiled user dll's ...
Registered in 0.002460 seconds.
Begin MonoManager ReloadAssembly
Symbol file LoadedFromMemory doesn't match image C:\Users\arthi\Documents\UnityProjects\PortfolioPlatformer\Library\PackageCache\com.unity.visualscripting@1.6.1\Editor\VisualScripting.Core\Dependencies\YamlDotNet\Unity.VisualScripting.YamlDotNet.dll
Symbol file LoadedFromMemory doesn't match image C:\Users\arthi\Documents\UnityProjects\PortfolioPlatformer\Library\PackageCache\com.unity.visualscripting@1.6.1\Editor\VisualScripting.Core\Dependencies\DotNetZip\Unity.VisualScripting.IonicZip.dll
Native extension for WindowsStandalone target not found
Native extension for WebGL target not found
Refreshing native plugins compatible for Editor in 1.23 ms, found 2 plugins.
Preloading 0 native plugins for Editor in 0.00 ms.
Mono: successfully reloaded assembly
- Completed reload, in  0.956 seconds
Platform modules already initialized, skipping
Shader 'Universal Render Pipeline/Particles/Lit': fallback shader 'Universal Render Pipeline/Particles/SimpleLit' not found
Refreshing native plugins compatible for Editor in 0.72 ms, found 2 plugins.
Preloading 0 native plugins for Editor in 0.00 ms.
Unloading 4425 Unused Serialized files (Serialized files now loaded: 0)
System memory in use before: 178.6 MB.
System memory in use after: 178.7 MB.

Unloading 16 unused Assets to reduce memory usage. Loaded Objects now: 5204.
Total: 3.087300 ms (FindLiveObjects: 0.333800 ms CreateObjectMapping: 0.275300 ms MarkObjects: 2.341400 ms  DeleteObjects: 0.135500 ms)

========================================================================
Received Import Request.
  Time since last request: 180.357208 seconds.
  path: Assets/VideoObjects/Prefabs/Video.prefab
  artifactKey: Guid(f49b6b653a0fec943ba9340273f1a1e4) Importer(815301076,1909f56bfc062723c751e8b465ee728b)
Start importing Assets/VideoObjects/Prefabs/Video.prefab using Guid(f49b6b653a0fec943ba9340273f1a1e4) Importer(815301076,1909f56bfc062723c751e8b465ee728b)  -> (artifact id: 'bf2f2d5ebdfbac21ee985d11bfc04390') in 0.186178 seconds 
========================================================================
Received Import Request.
  Time since last request: 6.598877 seconds.
  path: Assets/VideoObjects/Prefabs/Video.prefab
  artifactKey: Guid(f49b6b653a0fec943ba9340273f1a1e4) Importer(815301076,1909f56bfc062723c751e8b465ee728b)
Start importing Assets/VideoObjects/Prefabs/Video.prefab using Guid(f49b6b653a0fec943ba9340273f1a1e4) Importer(815301076,1909f56bfc062723c751e8b465ee728b)  -> (artifact id: 'f6d00ae16f59d3828ec486eb8ff4c732') in 0.017191 seconds 
========================================================================
Received Import Request.
  Time since last request: 19.564549 seconds.
  path: Assets/VideoObjects/Prefabs/Video.prefab
  artifactKey: Guid(f49b6b653a0fec943ba9340273f1a1e4) Importer(815301076,1909f56bfc062723c751e8b465ee728b)
Start importing Assets/VideoObjects/Prefabs/Video.prefab using Guid(f49b6b653a0fec943ba9340273f1a1e4) Importer(815301076,1909f56bfc062723c751e8b465ee728b)  -> (artifact id: '43819cd428d315710da85db801b1c47a') in 0.016487 seconds 
========================================================================
Received Import Request.
  Time since last request: 4.003917 seconds.
  path: Assets/VideoObjects/Prefabs/Video.prefab
  artifactKey: Guid(f49b6b653a0fec943ba9340273f1a1e4) Importer(815301076,1909f56bfc062723c751e8b465ee728b)
Start importing Assets/VideoObjects/Prefabs/Video.prefab using Guid(f49b6b653a0fec943ba9340273f1a1e4) Importer(815301076,1909f56bfc062723c751e8b465ee728b)  -> (artifact id: '1dcd61f0741ab67db65e2f0d16114056') in 0.016785 seconds 
========================================================================
Received Import Request.
  Time since last request: 2.401103 seconds.
  path: Assets/VideoObjects/Prefabs/Video.prefab
  artifactKey: Guid(f49b6b653a0fec943ba9340273f1a1e4) Importer(815301076,1909f56bfc062723c751e8b465ee728b)
Start importing Assets/VideoObjects/Prefabs/Video.prefab using Guid(f49b6b653a0fec943ba9340273f1a1e4) Importer(815301076,1909f56bfc062723c751e8b465ee728b)  -> (artifact id: 'fcec8221be51f9c3360a715b592e8ca6') in 0.018901 seconds 
AssetImportWorkerClient::OnTransportError - code=2 error=End of file
